{
  "RSpec": {
    "coverage": {
      "/media/refiqi/DATA/Refiqi/CodeLang/Ruby/GlintsxBinar/backend/spec/support/request_spec_hepler.rb": [
        1,
        1,
        7,
        null,
        null,
        1,
        7,
        7,
        null,
        null
      ],
      "/media/refiqi/DATA/Refiqi/CodeLang/Ruby/GlintsxBinar/backend/app/controllers/api/v1/users_controller.rb": [
        null,
        null,
        1,
        1,
        1,
        null,
        1,
        2,
        1,
        null,
        1,
        null,
        null,
        null,
        null,
        null,
        1,
        2,
        1,
        1,
        null,
        1,
        null,
        null,
        null,
        null,
        1,
        4,
        4,
        2,
        null,
        null,
        2,
        null,
        null,
        null,
        null,
        1,
        3,
        3,
        2,
        null,
        null,
        null,
        null,
        null,
        1,
        null,
        null,
        null,
        null,
        1,
        2,
        2,
        1,
        1,
        null,
        1,
        null,
        null,
        null,
        1,
        null,
        null,
        null,
        1,
        null,
        7,
        null,
        null,
        null,
        null,
        null,
        null,
        1,
        3,
        null,
        null,
        null,
        null,
        null,
        null,
        null,
        null,
        1,
        3,
        null,
        null,
        null,
        null,
        null,
        null
      ],
      "/media/refiqi/DATA/Refiqi/CodeLang/Ruby/GlintsxBinar/backend/app/controllers/application_controller.rb": [
        null,
        null,
        1,
        1,
        1,
        null,
        null,
        null,
        1,
        1,
        0,
        null,
        1,
        null,
        1,
        23,
        15,
        7,
        null,
        1,
        null,
        null,
        8,
        null,
        null,
        null,
        1,
        null,
        1,
        0,
        null,
        null,
        null,
        1,
        null,
        1,
        13,
        null,
        null,
        1,
        3,
        3,
        null,
        0,
        null,
        null,
        null,
        null
      ],
      "/media/refiqi/DATA/Refiqi/CodeLang/Ruby/GlintsxBinar/backend/app/serializers/user_serializer.rb": [
        null,
        null,
        null,
        1,
        1,
        null,
        null,
        null
      ]
    },
    "timestamp": 1547714760
  }
}
